<?xml version="1.0" encoding="UTF-8"?>
<testng-results ignored="0" total="1" passed="1" failed="0" skipped="0">
  <reporter-output>
  </reporter-output>
  <suite started-at="2023-06-06T11:35:00 IST" name="Default suite" finished-at="2023-06-06T11:35:04 IST" duration-ms="4113">
    <groups>
    </groups>
    <test started-at="2023-06-06T11:35:00 IST" name="Default test" finished-at="2023-06-06T11:35:04 IST" duration-ms="4113">
      <class name="Test.AddPlace">
        <test-method signature="createGooglePlace()[pri:0, instance:Test.AddPlace@5c909414]" started-at="2023-06-06T11:35:00 IST" name="createGooglePlace" finished-at="2023-06-06T11:35:04 IST" duration-ms="4052" status="PASS">
          <reporter-output>
          </reporter-output>
        </test-method> <!-- createGooglePlace -->
      </class> <!-- Test.AddPlace -->
    </test> <!-- Default test -->
  </suite> <!-- Default suite -->
</testng-results>
